<?xml version="1.0" encoding="UTF-8"?>
<!-- Generated by org.testng.reporters.JUnitReportReporter -->
<testsuite hostname="LAPTOP-0AFMAI8U" failures="0" tests="1" name="test.AddToCartTest" time="9.815" errors="0" timestamp="2021-10-25T22:25:15 IST" skipped="0">
  <testcase classname="test.AddToCartTest" name="validateAddToCart" time="9.815"/>
  <system-out/>
</testsuite> <!-- test.AddToCartTest -->
