<?xml version="1.0" encoding="UTF-8"?>
<!-- Generated by org.testng.reporters.JUnitReportReporter -->
<testsuite hostname="LAPTOP-0AFMAI8U" failures="0" tests="1" name="test.IndexPageObjectsTest" time="14.372" errors="0" timestamp="2021-10-25T22:04:18 IST" skipped="0">
  <testcase classname="test.IndexPageObjectsTest" name="validateLogin" time="14.372"/>
  <system-out/>
</testsuite> <!-- test.IndexPageObjectsTest -->
