<?xml version="1.0" encoding="UTF-8"?>
<!-- Generated by org.testng.reporters.JUnitReportReporter -->
<testsuite hostname="LAPTOP-0AFMAI8U" failures="0" tests="1" name="automationpractice.AddToCartTest" time="28.155" errors="0" timestamp="2021-10-25T18:19:33 IST" skipped="0">
  <testcase classname="automationpractice.AddToCartTest" name="validateAddToCart" time="28.155"/>
  <system-out/>
</testsuite> <!-- automationpractice.AddToCartTest -->
