<?xml version="1.0" encoding="UTF-8"?>
<!-- Generated by org.testng.reporters.JUnitReportReporter -->
<testsuite hostname="LAPTOP-0AFMAI8U" failures="0" tests="1" name="test.ProductSelectionPageTest" time="9.839" errors="0" timestamp="2021-10-25T22:17:01 IST" skipped="0">
  <testcase classname="test.ProductSelectionPageTest" name="validateProductSelectionPage" time="9.839"/>
  <system-out/>
</testsuite> <!-- test.ProductSelectionPageTest -->
